<?xml version="1.0" encoding="UTF-8"?>
<!-- Generated by org.testng.reporters.JUnitReportReporter -->
<testsuite hostname="tester-VirtualBox" name="TaskOneTest" tests="3" failures="0" timestamp="21 Feb 2020 08:26:59 GMT" time="9.233" errors="0">
  <testcase name="testtest" time="0.008" classname="TaskOneTest"/>
  <testcase name="droppableTest" time="2.015" classname="TaskOneTest"/>
  <testcase name="searchGoToDemoqaPage" time="7.210" classname="TaskOneTest"/>
</testsuite> <!-- TaskOneTest -->
